0 info it worked if it ends with ok
1 verbose cli [ '/usr/bin/node', '/usr/bin/npm', 'run', 'prefix' ]
2 info using npm@3.5.2
3 info using node@v8.10.0
4 verbose run-script [ 'prefix' ]
5 info lifecycle site_lambert_sandrine@1.0.0~prefix: site_lambert_sandrine@1.0.0
6 verbose lifecycle site_lambert_sandrine@1.0.0~prefix: unsafe-perm in lifecycle true
7 verbose lifecycle site_lambert_sandrine@1.0.0~prefix: PATH: /usr/share/npm/bin/node-gyp-bin:/home/emir/Documents/Developpement Web/Projets/Lambert_Sandrine_Website/site/node_modules/.bin:/usr/local/sbin:/usr/local/bin:/usr/sbin:/usr/bin:/sbin:/bin:/usr/games:/usr/local/games:/snap/bin
8 verbose lifecycle site_lambert_sandrine@1.0.0~prefix: CWD: /home/emir/Documents/Developpement Web/Projets/Lambert_Sandrine_Website/site
9 silly lifecycle site_lambert_sandrine@1.0.0~prefix: Args: [ '-c',
9 silly lifecycle   'postcss ./src/sass/main.scss --use autoprefixer -d ./style.css' ]
10 silly lifecycle site_lambert_sandrine@1.0.0~prefix: Returned: code: 1  signal: null
11 info lifecycle site_lambert_sandrine@1.0.0~prefix: Failed to exec prefix script
12 verbose stack Error: site_lambert_sandrine@1.0.0 prefix: `postcss ./src/sass/main.scss --use autoprefixer -d ./style.css`
12 verbose stack Exit status 1
12 verbose stack     at EventEmitter.<anonymous> (/usr/share/npm/lib/utils/lifecycle.js:232:16)
12 verbose stack     at emitTwo (events.js:126:13)
12 verbose stack     at EventEmitter.emit (events.js:214:7)
12 verbose stack     at ChildProcess.<anonymous> (/usr/share/npm/lib/utils/spawn.js:24:14)
12 verbose stack     at emitTwo (events.js:126:13)
12 verbose stack     at ChildProcess.emit (events.js:214:7)
12 verbose stack     at maybeClose (internal/child_process.js:925:16)
12 verbose stack     at Process.ChildProcess._handle.onexit (internal/child_process.js:209:5)
13 verbose pkgid site_lambert_sandrine@1.0.0
14 verbose cwd /home/emir/Documents/Developpement Web/Projets/Lambert_Sandrine_Website/site
15 error Linux 5.3.0-51-generic
16 error argv "/usr/bin/node" "/usr/bin/npm" "run" "prefix"
17 error node v8.10.0
18 error npm  v3.5.2
19 error code ELIFECYCLE
20 error site_lambert_sandrine@1.0.0 prefix: `postcss ./src/sass/main.scss --use autoprefixer -d ./style.css`
20 error Exit status 1
21 error Failed at the site_lambert_sandrine@1.0.0 prefix script 'postcss ./src/sass/main.scss --use autoprefixer -d ./style.css'.
21 error Make sure you have the latest version of node.js and npm installed.
21 error If you do, this is most likely a problem with the site_lambert_sandrine package,
21 error not with npm itself.
21 error Tell the author that this fails on your system:
21 error     postcss ./src/sass/main.scss --use autoprefixer -d ./style.css
21 error You can get information on how to open an issue for this project with:
21 error     npm bugs site_lambert_sandrine
21 error Or if that isn't available, you can get their info via:
21 error     npm owner ls site_lambert_sandrine
21 error There is likely additional logging output above.
22 verbose exit [ 1, true ]
